{"C:\\Users\\UKPONG INI-OBONG\\Documents\\backdrop-pets\\App.js": {"path":"C:\\Users\\UKPONG INI-OBONG\\Documents\\backdrop-pets\\App.js","statementMap":{"0":{"start":{"line":9,"column":24},"end":{"line":11,"column":4}},"1":{"start":{"line":13,"column":27},"end":{"line":17,"column":19}},"2":{"start":{"line":14,"column":4},"end":{"line":16,"column":5}},"3":{"start":{"line":15,"column":6},"end":{"line":15,"column":37}},"4":{"start":{"line":19,"column":2},"end":{"line":21,"column":3}},"5":{"start":{"line":20,"column":4},"end":{"line":20,"column":16}},"6":{"start":{"line":23,"column":2},"end":{"line":27,"column":4}}},"fnMap":{"0":{"name":"App","decl":{"start":{"line":8,"column":24},"end":{"line":8,"column":27}},"loc":{"start":{"line":8,"column":30},"end":{"line":28,"column":1}},"line":8},"1":{"name":"(anonymous_1)","decl":{"start":{"line":13,"column":39},"end":{"line":13,"column":40}},"loc":{"start":{"line":13,"column":51},"end":{"line":17,"column":3}},"line":13}},"branchMap":{"0":{"loc":{"start":{"line":14,"column":4},"end":{"line":16,"column":5}},"type":"if","locations":[{"start":{"line":14,"column":4},"end":{"line":16,"column":5}},{"start":{},"end":{}}],"line":14},"1":{"loc":{"start":{"line":19,"column":2},"end":{"line":21,"column":3}},"type":"if","locations":[{"start":{"line":19,"column":2},"end":{"line":21,"column":3}},{"start":{},"end":{}}],"line":19}},"s":{"0":1,"1":1,"2":0,"3":0,"4":1,"5":1,"6":0},"f":{"0":1,"1":0},"b":{"0":[0,0],"1":[1,0]},"_coverageSchema":"1a1c01bbd47fc00a2c39e90264f33305004495a9","hash":"ff1aa0b84459b79e170d9054b1e238c5c7b0425f"}
,"C:\\Users\\UKPONG INI-OBONG\\Documents\\backdrop-pets\\tailwind.config.js": {"path":"C:\\Users\\UKPONG INI-OBONG\\Documents\\backdrop-pets\\tailwind.config.js","statementMap":{"0":{"start":{"line":1,"column":0},"end":{"line":10,"column":2}}},"fnMap":{},"branchMap":{},"s":{"0":4},"f":{},"b":{},"_coverageSchema":"1a1c01bbd47fc00a2c39e90264f33305004495a9","hash":"ad91791ec562169e246d222aacd4b42b9650abbc"}
,"C:\\Users\\UKPONG INI-OBONG\\Documents\\backdrop-pets\\assets\\icons\\Cat.js": {"path":"C:\\Users\\UKPONG INI-OBONG\\Documents\\backdrop-pets\\assets\\icons\\Cat.js","statementMap":{"0":{"start":{"line":6,"column":2},"end":{"line":31,"column":4}}},"fnMap":{"0":{"name":"Cat","decl":{"start":{"line":5,"column":24},"end":{"line":5,"column":27}},"loc":{"start":{"line":5,"column":38},"end":{"line":32,"column":1}},"line":5}},"branchMap":{},"s":{"0":0},"f":{"0":0},"b":{},"_coverageSchema":"1a1c01bbd47fc00a2c39e90264f33305004495a9","hash":"83a9307ba9765488b5347f76de4bf5ad5f8e26a2"}
,"C:\\Users\\UKPONG INI-OBONG\\Documents\\backdrop-pets\\assets\\icons\\Heart.js": {"path":"C:\\Users\\UKPONG INI-OBONG\\Documents\\backdrop-pets\\assets\\icons\\Heart.js","statementMap":{"0":{"start":{"line":6,"column":2},"end":{"line":23,"column":4}}},"fnMap":{"0":{"name":"Heart","decl":{"start":{"line":5,"column":24},"end":{"line":5,"column":29}},"loc":{"start":{"line":5,"column":48},"end":{"line":24,"column":1}},"line":5}},"branchMap":{},"s":{"0":2},"f":{"0":2},"b":{},"_coverageSchema":"1a1c01bbd47fc00a2c39e90264f33305004495a9","hash":"0e5f70871253c1f88b7df219697fcef0a8993ee2"}
,"C:\\Users\\UKPONG INI-OBONG\\Documents\\backdrop-pets\\src\\components\\AllItem.js": {"path":"C:\\Users\\UKPONG INI-OBONG\\Documents\\backdrop-pets\\src\\components\\AllItem.js","statementMap":{"0":{"start":{"line":7,"column":16},"end":{"line":24,"column":1}},"1":{"start":{"line":8,"column":2},"end":{"line":23,"column":9}}},"fnMap":{"0":{"name":"(anonymous_0)","decl":{"start":{"line":7,"column":16},"end":{"line":7,"column":17}},"loc":{"start":{"line":8,"column":2},"end":{"line":23,"column":9}},"line":8}},"branchMap":{},"s":{"0":2,"1":1},"f":{"0":1},"b":{},"_coverageSchema":"1a1c01bbd47fc00a2c39e90264f33305004495a9","hash":"5f296a7f92b24b9255928428dce59e55a4dce83b"}
,"C:\\Users\\UKPONG INI-OBONG\\Documents\\backdrop-pets\\src\\components\\ErrorBoundary.js": {"path":"C:\\Users\\UKPONG INI-OBONG\\Documents\\backdrop-pets\\src\\components\\ErrorBoundary.js","statementMap":{"0":{"start":{"line":5,"column":4},"end":{"line":5,"column":17}},"1":{"start":{"line":6,"column":4},"end":{"line":6,"column":37}},"2":{"start":{"line":11,"column":4},"end":{"line":11,"column":30}},"3":{"start":{"line":16,"column":4},"end":{"line":16,"column":42}},"4":{"start":{"line":20,"column":4},"end":{"line":23,"column":5}},"5":{"start":{"line":22,"column":6},"end":{"line":22,"column":44}},"6":{"start":{"line":25,"column":4},"end":{"line":25,"column":31}}},"fnMap":{"0":{"name":"(anonymous_0)","decl":{"start":{"line":4,"column":2},"end":{"line":4,"column":3}},"loc":{"start":{"line":4,"column":21},"end":{"line":7,"column":3}},"line":4},"1":{"name":"(anonymous_1)","decl":{"start":{"line":9,"column":2},"end":{"line":9,"column":3}},"loc":{"start":{"line":9,"column":41},"end":{"line":12,"column":3}},"line":9},"2":{"name":"(anonymous_2)","decl":{"start":{"line":14,"column":2},"end":{"line":14,"column":3}},"loc":{"start":{"line":14,"column":38},"end":{"line":17,"column":3}},"line":14},"3":{"name":"(anonymous_3)","decl":{"start":{"line":19,"column":2},"end":{"line":19,"column":3}},"loc":{"start":{"line":19,"column":11},"end":{"line":26,"column":3}},"line":19}},"branchMap":{"0":{"loc":{"start":{"line":20,"column":4},"end":{"line":23,"column":5}},"type":"if","locations":[{"start":{"line":20,"column":4},"end":{"line":23,"column":5}},{"start":{},"end":{}}],"line":20}},"s":{"0":1,"1":1,"2":0,"3":0,"4":1,"5":0,"6":1},"f":{"0":1,"1":0,"2":0,"3":1},"b":{"0":[0,1]},"_coverageSchema":"1a1c01bbd47fc00a2c39e90264f33305004495a9","hash":"a49c4ebcea940994927ad029e8720b6bae9248a3"}
,"C:\\Users\\UKPONG INI-OBONG\\Documents\\backdrop-pets\\src\\components\\FavouriteItem.js": {"path":"C:\\Users\\UKPONG INI-OBONG\\Documents\\backdrop-pets\\src\\components\\FavouriteItem.js","statementMap":{"0":{"start":{"line":9,"column":44},"end":{"line":9,"column":54}},"1":{"start":{"line":10,"column":4},"end":{"line":29,"column":6}}},"fnMap":{"0":{"name":"(anonymous_0)","decl":{"start":{"line":8,"column":2},"end":{"line":8,"column":3}},"loc":{"start":{"line":8,"column":11},"end":{"line":30,"column":3}},"line":8}},"branchMap":{},"s":{"0":1,"1":1},"f":{"0":1},"b":{},"_coverageSchema":"1a1c01bbd47fc00a2c39e90264f33305004495a9","hash":"e5c70089d351302f8f38914a19e3a955481d91d0"}
,"C:\\Users\\UKPONG INI-OBONG\\Documents\\backdrop-pets\\src\\lib\\tailwind.js": {"path":"C:\\Users\\UKPONG INI-OBONG\\Documents\\backdrop-pets\\src\\lib\\tailwind.js","statementMap":{"0":{"start":{"line":4,"column":11},"end":{"line":4,"column":54}}},"fnMap":{},"branchMap":{},"s":{"0":4},"f":{},"b":{},"_coverageSchema":"1a1c01bbd47fc00a2c39e90264f33305004495a9","hash":"07c78bebf798b1e8c0ca2f4b41b39300f915f200"}
,"C:\\Users\\UKPONG INI-OBONG\\Documents\\backdrop-pets\\src\\routes\\MyTabs.js": {"path":"C:\\Users\\UKPONG INI-OBONG\\Documents\\backdrop-pets\\src\\routes\\MyTabs.js","statementMap":{"0":{"start":{"line":10,"column":12},"end":{"line":10,"column":38}},"1":{"start":{"line":12,"column":15},"end":{"line":43,"column":1}},"2":{"start":{"line":13,"column":2},"end":{"line":42,"column":4}},"3":{"start":{"line":28,"column":43},"end":{"line":28,"column":63}},"4":{"start":{"line":37,"column":12},"end":{"line":37,"column":49}}},"fnMap":{"0":{"name":"(anonymous_0)","decl":{"start":{"line":12,"column":15},"end":{"line":12,"column":16}},"loc":{"start":{"line":12,"column":21},"end":{"line":43,"column":1}},"line":12},"1":{"name":"(anonymous_1)","decl":{"start":{"line":28,"column":22},"end":{"line":28,"column":23}},"loc":{"start":{"line":28,"column":43},"end":{"line":28,"column":63}},"line":28},"2":{"name":"(anonymous_2)","decl":{"start":{"line":36,"column":22},"end":{"line":36,"column":23}},"loc":{"start":{"line":37,"column":12},"end":{"line":37,"column":49}},"line":37}},"branchMap":{},"s":{"0":1,"1":1,"2":0,"3":0,"4":0},"f":{"0":0,"1":0,"2":0},"b":{},"_coverageSchema":"1a1c01bbd47fc00a2c39e90264f33305004495a9","hash":"12f5e8610d1c4181f588d94a83c7417d09b887b5"}
,"C:\\Users\\UKPONG INI-OBONG\\Documents\\backdrop-pets\\src\\screens\\All.js": {"path":"C:\\Users\\UKPONG INI-OBONG\\Documents\\backdrop-pets\\src\\screens\\All.js","statementMap":{"0":{"start":{"line":8,"column":12},"end":{"line":124,"column":1}},"1":{"start":{"line":9,"column":34},"end":{"line":9,"column":48}},"2":{"start":{"line":10,"column":26},"end":{"line":10,"column":38}},"3":{"start":{"line":11,"column":38},"end":{"line":11,"column":52}},"4":{"start":{"line":12,"column":28},"end":{"line":12,"column":40}},"5":{"start":{"line":13,"column":38},"end":{"line":13,"column":59}},"6":{"start":{"line":15,"column":19},"end":{"line":15,"column":52}},"7":{"start":{"line":15,"column":41},"end":{"line":15,"column":51}},"8":{"start":{"line":16,"column":19},"end":{"line":16,"column":49}},"9":{"start":{"line":18,"column":4},"end":{"line":18,"column":75}},"10":{"start":{"line":20,"column":2},"end":{"line":28,"column":9}},"11":{"start":{"line":21,"column":4},"end":{"line":27,"column":40}},"12":{"start":{"line":22,"column":26},"end":{"line":22,"column":41}},"13":{"start":{"line":24,"column":8},"end":{"line":24,"column":22}},"14":{"start":{"line":26,"column":24},"end":{"line":26,"column":44}},"15":{"start":{"line":27,"column":21},"end":{"line":27,"column":38}},"16":{"start":{"line":30,"column":18},"end":{"line":37,"column":3}},"17":{"start":{"line":31,"column":4},"end":{"line":36,"column":5}},"18":{"start":{"line":32,"column":24},"end":{"line":32,"column":66}},"19":{"start":{"line":33,"column":6},"end":{"line":33,"column":38}},"20":{"start":{"line":35,"column":6},"end":{"line":35,"column":23}},"21":{"start":{"line":39,"column":2},"end":{"line":41,"column":9}},"22":{"start":{"line":40,"column":4},"end":{"line":40,"column":14}},"23":{"start":{"line":43,"column":20},"end":{"line":50,"column":3}},"24":{"start":{"line":44,"column":4},"end":{"line":49,"column":5}},"25":{"start":{"line":45,"column":24},"end":{"line":45,"column":45}},"26":{"start":{"line":46,"column":6},"end":{"line":46,"column":60}},"27":{"start":{"line":48,"column":6},"end":{"line":48,"column":23}},"28":{"start":{"line":52,"column":19},"end":{"line":58,"column":3}},"29":{"start":{"line":53,"column":4},"end":{"line":57,"column":5}},"30":{"start":{"line":54,"column":6},"end":{"line":54,"column":53}},"31":{"start":{"line":56,"column":6},"end":{"line":56,"column":33}},"32":{"start":{"line":60,"column":20},"end":{"line":68,"column":18}},"33":{"start":{"line":61,"column":4},"end":{"line":61,"column":24}},"34":{"start":{"line":62,"column":4},"end":{"line":67,"column":5}},"35":{"start":{"line":63,"column":6},"end":{"line":63,"column":16}},"36":{"start":{"line":64,"column":6},"end":{"line":64,"column":27}},"37":{"start":{"line":66,"column":6},"end":{"line":66,"column":27}},"38":{"start":{"line":70,"column":21},"end":{"line":89,"column":3}},"39":{"start":{"line":71,"column":15},"end":{"line":71,"column":24}},"40":{"start":{"line":72,"column":17},"end":{"line":72,"column":26}},"41":{"start":{"line":74,"column":4},"end":{"line":74,"column":57}},"42":{"start":{"line":75,"column":4},"end":{"line":75,"column":59}},"43":{"start":{"line":77,"column":4},"end":{"line":88,"column":6}},"44":{"start":{"line":81,"column":10},"end":{"line":81,"column":33}},"45":{"start":{"line":82,"column":10},"end":{"line":82,"column":25}},"46":{"start":{"line":83,"column":10},"end":{"line":83,"column":27}},"47":{"start":{"line":91,"column":2},"end":{"line":123,"column":4}},"48":{"start":{"line":110,"column":40},"end":{"line":110,"column":42}},"49":{"start":{"line":115,"column":35},"end":{"line":115,"column":69}},"50":{"start":{"line":115,"column":52},"end":{"line":115,"column":63}}},"fnMap":{"0":{"name":"(anonymous_0)","decl":{"start":{"line":8,"column":12},"end":{"line":8,"column":13}},"loc":{"start":{"line":8,"column":18},"end":{"line":124,"column":1}},"line":8},"1":{"name":"(anonymous_1)","decl":{"start":{"line":15,"column":31},"end":{"line":15,"column":32}},"loc":{"start":{"line":15,"column":41},"end":{"line":15,"column":51}},"line":15},"2":{"name":"(anonymous_2)","decl":{"start":{"line":20,"column":12},"end":{"line":20,"column":13}},"loc":{"start":{"line":20,"column":18},"end":{"line":28,"column":3}},"line":20},"3":{"name":"(anonymous_3)","decl":{"start":{"line":22,"column":12},"end":{"line":22,"column":13}},"loc":{"start":{"line":22,"column":26},"end":{"line":22,"column":41}},"line":22},"4":{"name":"(anonymous_4)","decl":{"start":{"line":23,"column":12},"end":{"line":23,"column":13}},"loc":{"start":{"line":23,"column":22},"end":{"line":25,"column":7}},"line":23},"5":{"name":"(anonymous_5)","decl":{"start":{"line":26,"column":13},"end":{"line":26,"column":14}},"loc":{"start":{"line":26,"column":24},"end":{"line":26,"column":44}},"line":26},"6":{"name":"(anonymous_6)","decl":{"start":{"line":27,"column":15},"end":{"line":27,"column":16}},"loc":{"start":{"line":27,"column":21},"end":{"line":27,"column":38}},"line":27},"7":{"name":"(anonymous_7)","decl":{"start":{"line":30,"column":18},"end":{"line":30,"column":19}},"loc":{"start":{"line":30,"column":30},"end":{"line":37,"column":3}},"line":30},"8":{"name":"(anonymous_8)","decl":{"start":{"line":39,"column":12},"end":{"line":39,"column":13}},"loc":{"start":{"line":39,"column":18},"end":{"line":41,"column":3}},"line":39},"9":{"name":"(anonymous_9)","decl":{"start":{"line":43,"column":20},"end":{"line":43,"column":21}},"loc":{"start":{"line":43,"column":37},"end":{"line":50,"column":3}},"line":43},"10":{"name":"(anonymous_10)","decl":{"start":{"line":52,"column":19},"end":{"line":52,"column":20}},"loc":{"start":{"line":52,"column":29},"end":{"line":58,"column":3}},"line":52},"11":{"name":"(anonymous_11)","decl":{"start":{"line":60,"column":32},"end":{"line":60,"column":33}},"loc":{"start":{"line":60,"column":44},"end":{"line":68,"column":3}},"line":60},"12":{"name":"(anonymous_12)","decl":{"start":{"line":70,"column":21},"end":{"line":70,"column":22}},"loc":{"start":{"line":70,"column":35},"end":{"line":89,"column":3}},"line":70},"13":{"name":"(anonymous_13)","decl":{"start":{"line":80,"column":17},"end":{"line":80,"column":18}},"loc":{"start":{"line":80,"column":23},"end":{"line":84,"column":9}},"line":80},"14":{"name":"(anonymous_14)","decl":{"start":{"line":110,"column":28},"end":{"line":110,"column":29}},"loc":{"start":{"line":110,"column":40},"end":{"line":110,"column":42}},"line":110},"15":{"name":"(anonymous_15)","decl":{"start":{"line":115,"column":29},"end":{"line":115,"column":30}},"loc":{"start":{"line":115,"column":35},"end":{"line":115,"column":69}},"line":115},"16":{"name":"(anonymous_16)","decl":{"start":{"line":115,"column":46},"end":{"line":115,"column":47}},"loc":{"start":{"line":115,"column":52},"end":{"line":115,"column":63}},"line":115}},"branchMap":{"0":{"loc":{"start":{"line":53,"column":4},"end":{"line":57,"column":5}},"type":"if","locations":[{"start":{"line":53,"column":4},"end":{"line":57,"column":5}},{"start":{"line":55,"column":11},"end":{"line":57,"column":5}}],"line":53},"1":{"loc":{"start":{"line":74,"column":11},"end":{"line":74,"column":56}},"type":"cond-expr","locations":[{"start":{"line":74,"column":35},"end":{"line":74,"column":44}},{"start":{"line":74,"column":47},"end":{"line":74,"column":56}}],"line":74},"2":{"loc":{"start":{"line":75,"column":13},"end":{"line":75,"column":58}},"type":"cond-expr","locations":[{"start":{"line":75,"column":37},"end":{"line":75,"column":46}},{"start":{"line":75,"column":49},"end":{"line":75,"column":58}}],"line":75},"3":{"loc":{"start":{"line":102,"column":11},"end":{"line":119,"column":11}},"type":"cond-expr","locations":[{"start":{"line":103,"column":12},"end":{"line":105,"column":19}},{"start":{"line":107,"column":12},"end":{"line":118,"column":14}}],"line":102}},"s":{"0":1,"1":0,"2":0,"3":0,"4":0,"5":0,"6":0,"7":0,"8":0,"9":0,"10":0,"11":0,"12":0,"13":0,"14":0,"15":0,"16":0,"17":0,"18":0,"19":0,"20":0,"21":0,"22":0,"23":0,"24":0,"25":0,"26":0,"27":0,"28":0,"29":0,"30":0,"31":0,"32":0,"33":0,"34":0,"35":0,"36":0,"37":0,"38":0,"39":0,"40":0,"41":0,"42":0,"43":0,"44":0,"45":0,"46":0,"47":0,"48":0,"49":0,"50":0},"f":{"0":0,"1":0,"2":0,"3":0,"4":0,"5":0,"6":0,"7":0,"8":0,"9":0,"10":0,"11":0,"12":0,"13":0,"14":0,"15":0,"16":0},"b":{"0":[0,0],"1":[0,0],"2":[0,0],"3":[0,0]},"_coverageSchema":"1a1c01bbd47fc00a2c39e90264f33305004495a9","hash":"a5cb1fce619cff2b61253660447f8525525413a9"}
,"C:\\Users\\UKPONG INI-OBONG\\Documents\\backdrop-pets\\src\\screens\\Favourites.js": {"path":"C:\\Users\\UKPONG INI-OBONG\\Documents\\backdrop-pets\\src\\screens\\Favourites.js","statementMap":{"0":{"start":{"line":8,"column":19},"end":{"line":113,"column":1}},"1":{"start":{"line":9,"column":26},"end":{"line":9,"column":38}},"2":{"start":{"line":10,"column":36},"end":{"line":10,"column":50}},"3":{"start":{"line":11,"column":38},"end":{"line":11,"column":52}},"4":{"start":{"line":12,"column":38},"end":{"line":12,"column":59}},"5":{"start":{"line":13,"column":26},"end":{"line":13,"column":45}},"6":{"start":{"line":14,"column":30},"end":{"line":14,"column":49}},"7":{"start":{"line":16,"column":18},"end":{"line":24,"column":3}},"8":{"start":{"line":17,"column":4},"end":{"line":23,"column":5}},"9":{"start":{"line":18,"column":24},"end":{"line":18,"column":66}},"10":{"start":{"line":19,"column":6},"end":{"line":19,"column":37}},"11":{"start":{"line":20,"column":6},"end":{"line":20,"column":26}},"12":{"start":{"line":22,"column":6},"end":{"line":22,"column":23}},"13":{"start":{"line":26,"column":2},"end":{"line":28,"column":13}},"14":{"start":{"line":27,"column":4},"end":{"line":27,"column":14}},"15":{"start":{"line":30,"column":20},"end":{"line":37,"column":3}},"16":{"start":{"line":31,"column":4},"end":{"line":36,"column":5}},"17":{"start":{"line":32,"column":24},"end":{"line":32,"column":45}},"18":{"start":{"line":33,"column":6},"end":{"line":33,"column":60}},"19":{"start":{"line":35,"column":6},"end":{"line":35,"column":23}},"20":{"start":{"line":39,"column":20},"end":{"line":47,"column":18}},"21":{"start":{"line":40,"column":4},"end":{"line":40,"column":24}},"22":{"start":{"line":41,"column":4},"end":{"line":46,"column":5}},"23":{"start":{"line":42,"column":6},"end":{"line":42,"column":16}},"24":{"start":{"line":43,"column":6},"end":{"line":43,"column":27}},"25":{"start":{"line":45,"column":6},"end":{"line":45,"column":27}},"26":{"start":{"line":49,"column":21},"end":{"line":65,"column":3}},"27":{"start":{"line":50,"column":18},"end":{"line":50,"column":36}},"28":{"start":{"line":51,"column":4},"end":{"line":64,"column":6}},"29":{"start":{"line":55,"column":10},"end":{"line":55,"column":29}},"30":{"start":{"line":56,"column":10},"end":{"line":56,"column":31}},"31":{"start":{"line":57,"column":10},"end":{"line":57,"column":33}},"32":{"start":{"line":58,"column":10},"end":{"line":58,"column":41}},"33":{"start":{"line":59,"column":10},"end":{"line":59,"column":26}},"34":{"start":{"line":67,"column":2},"end":{"line":112,"column":4}},"35":{"start":{"line":98,"column":38},"end":{"line":98,"column":51}},"36":{"start":{"line":104,"column":35},"end":{"line":104,"column":69}},"37":{"start":{"line":104,"column":52},"end":{"line":104,"column":63}}},"fnMap":{"0":{"name":"(anonymous_0)","decl":{"start":{"line":8,"column":19},"end":{"line":8,"column":20}},"loc":{"start":{"line":8,"column":25},"end":{"line":113,"column":1}},"line":8},"1":{"name":"(anonymous_1)","decl":{"start":{"line":16,"column":18},"end":{"line":16,"column":19}},"loc":{"start":{"line":16,"column":30},"end":{"line":24,"column":3}},"line":16},"2":{"name":"(anonymous_2)","decl":{"start":{"line":26,"column":12},"end":{"line":26,"column":13}},"loc":{"start":{"line":26,"column":18},"end":{"line":28,"column":3}},"line":26},"3":{"name":"(anonymous_3)","decl":{"start":{"line":30,"column":20},"end":{"line":30,"column":21}},"loc":{"start":{"line":30,"column":37},"end":{"line":37,"column":3}},"line":30},"4":{"name":"(anonymous_4)","decl":{"start":{"line":39,"column":32},"end":{"line":39,"column":33}},"loc":{"start":{"line":39,"column":44},"end":{"line":47,"column":3}},"line":39},"5":{"name":"(anonymous_5)","decl":{"start":{"line":49,"column":21},"end":{"line":49,"column":22}},"loc":{"start":{"line":49,"column":35},"end":{"line":65,"column":3}},"line":49},"6":{"name":"(anonymous_6)","decl":{"start":{"line":54,"column":17},"end":{"line":54,"column":18}},"loc":{"start":{"line":54,"column":23},"end":{"line":60,"column":9}},"line":54},"7":{"name":"(anonymous_7)","decl":{"start":{"line":98,"column":28},"end":{"line":98,"column":29}},"loc":{"start":{"line":98,"column":38},"end":{"line":98,"column":51}},"line":98},"8":{"name":"(anonymous_8)","decl":{"start":{"line":104,"column":29},"end":{"line":104,"column":30}},"loc":{"start":{"line":104,"column":35},"end":{"line":104,"column":69}},"line":104},"9":{"name":"(anonymous_9)","decl":{"start":{"line":104,"column":46},"end":{"line":104,"column":47}},"loc":{"start":{"line":104,"column":52},"end":{"line":104,"column":63}},"line":104}},"branchMap":{"0":{"loc":{"start":{"line":78,"column":11},"end":{"line":108,"column":11}},"type":"cond-expr","locations":[{"start":{"line":79,"column":12},"end":{"line":85,"column":19}},{"start":{"line":86,"column":14},"end":{"line":108,"column":11}}],"line":78},"1":{"loc":{"start":{"line":86,"column":14},"end":{"line":108,"column":11}},"type":"cond-expr","locations":[{"start":{"line":87,"column":12},"end":{"line":93,"column":19}},{"start":{"line":95,"column":12},"end":{"line":107,"column":14}}],"line":86}},"s":{"0":2,"1":1,"2":1,"3":1,"4":1,"5":1,"6":1,"7":1,"8":0,"9":0,"10":0,"11":0,"12":0,"13":1,"14":0,"15":1,"16":0,"17":0,"18":0,"19":0,"20":1,"21":0,"22":0,"23":0,"24":0,"25":0,"26":1,"27":0,"28":0,"29":0,"30":0,"31":0,"32":0,"33":0,"34":1,"35":0,"36":0,"37":0},"f":{"0":1,"1":0,"2":0,"3":0,"4":0,"5":0,"6":0,"7":0,"8":0,"9":0},"b":{"0":[1,0],"1":[0,0]},"_coverageSchema":"1a1c01bbd47fc00a2c39e90264f33305004495a9","hash":"68a8bff89f55c3a18e610e122dc3a295dcfd5563"}
}
